<?xml version="1.0" encoding="UTF-8"?>
<!-- Generated by org.testng.reporters.JUnitReportReporter -->
<testsuite hostname="SharathDurgams-MacBook-Pro.local" failures="0" tests="2" name="com.sparknetworks.Test.InvokeSite" time="28.305" errors="0" timestamp="2022-02-23T21:13:33 CET" skipped="0">
  <testcase classname="com.sparknetworks.Test.InvokeSite" name="searchForFunnyCatMemes" time="13.906"/>
  <system-out/>
  <testcase classname="com.sparknetworks.Test.InvokeSite" name="searchForSparkNetworks" time="14.399"/>
  <system-out/>
</testsuite> <!-- com.sparknetworks.Test.InvokeSite -->
