<?xml version="1.0" encoding="UTF-8"?>
<!-- Generated by org.testng.reporters.JUnitReportReporter -->
<testsuite hostname="SharathDurgams-MacBook-Pro.local" failures="0" tests="2" name="com.sparknetworks.Test.SearchTest" time="30.669" errors="0" timestamp="2022-02-26T01:18:10 CET" skipped="0">
  <testcase classname="com.sparknetworks.Test.SearchTest" name="searchForSparkNetworks" time="16.678"/>
  <system-out/>
  <testcase classname="com.sparknetworks.Test.SearchTest" name="searchForFunnyCatMemes" time="13.991"/>
  <system-out/>
</testsuite> <!-- com.sparknetworks.Test.SearchTest -->
