<?xml version="1.0" encoding="UTF-8"?>
<!-- Generated by org.testng.reporters.JUnitReportReporter -->
<testsuite hostname="SharathDurgams-MacBook-Pro.local" failures="0" tests="2" name="com.sparknetworks.Test.SearchTest" time="31.014" errors="0" timestamp="2022-02-26T01:16:24 CET" skipped="0">
  <testcase classname="com.sparknetworks.Test.SearchTest" name="searchForSparkNetworks" time="16.842"/>
  <system-out/>
  <testcase classname="com.sparknetworks.Test.SearchTest" name="searchForFunnyCatMemes" time="14.172"/>
  <system-out/>
</testsuite> <!-- com.sparknetworks.Test.SearchTest -->
