<?xml version="1.0" encoding="UTF-8"?>
<!-- Generated by org.testng.reporters.JUnitReportReporter -->
<testsuite hostname="SharathDurgams-MacBook-Pro.local" failures="0" tests="1" name="com.Listeners.ListeningTest" time="0.242" errors="0" timestamp="2022-02-26T01:16:24 CET" skipped="0">
  <testcase classname="com.Listeners.ListeningTest" name="testcheck" time="0.242"/>
  <system-out/>
</testsuite> <!-- com.Listeners.ListeningTest -->
